<?xml version="1.0" encoding="UTF-8"?>
<!-- Generated by org.testng.reporters.JUnitXMLReporter -->
<testsuite ignored="0" hostname="DESKTOP-PP8RICL" failures="0" tests="2" name="SchemaValidationTests" time="3.367" errors="0" timestamp="2024-12-31T14:20:45 BDT">
  <testcase classname="com.restassured.schema.validation.JsonSchemaValidationTest" name="validateJsonSchema" time="2.846"/>
  <testcase classname="com.restassured.schema.validation.XmlSchemaValidationTest" name="validateXmlSchema" time="0.453"/>
</testsuite> <!-- SchemaValidationTests -->
