<?xml version="1.0" encoding="UTF-8"?>
<testng-results ignored="0" total="2" passed="2" failed="0" skipped="0">
  <reporter-output>
  </reporter-output>
  <suite started-at="2024-12-31T14:20:42 BDT" name="SchemaValidationSuite" finished-at="2024-12-31T14:20:45 BDT" duration-ms="3367">
    <groups>
    </groups>
    <test started-at="2024-12-31T14:20:42 BDT" name="SchemaValidationTests" finished-at="2024-12-31T14:20:45 BDT" duration-ms="3367">
      <class name="com.restassured.schema.validation.JsonSchemaValidationTest">
        <test-method signature="validateJsonSchema()[pri:0, instance:com.restassured.schema.validation.JsonSchemaValidationTest@52719fb6]" started-at="2024-12-31T14:20:42 BDT" name="validateJsonSchema" finished-at="2024-12-31T14:20:45 BDT" duration-ms="2846" status="PASS">
          <reporter-output>
          </reporter-output>
        </test-method> <!-- validateJsonSchema -->
      </class> <!-- com.restassured.schema.validation.JsonSchemaValidationTest -->
      <class name="com.restassured.schema.validation.XmlSchemaValidationTest">
        <test-method signature="validateXmlSchema()[pri:0, instance:com.restassured.schema.validation.XmlSchemaValidationTest@e350b40]" started-at="2024-12-31T14:20:45 BDT" name="validateXmlSchema" finished-at="2024-12-31T14:20:45 BDT" duration-ms="453" status="PASS">
          <reporter-output>
          </reporter-output>
        </test-method> <!-- validateXmlSchema -->
      </class> <!-- com.restassured.schema.validation.XmlSchemaValidationTest -->
    </test> <!-- SchemaValidationTests -->
  </suite> <!-- SchemaValidationSuite -->
</testng-results>
